\BOOKMARK [1][-]{section.1}{\376\377\000R\000e\000s\000u\000m\000e\000n}{}% 1
\BOOKMARK [1][-]{section.2}{\376\377\000A\000l\000c\000a\000n\000c\000e\000\040\000d\000e\000l\000\040\000d\000o\000c\000u\000m\000e\000n\000t\000o\000\040\000f\000i\000n\000a\000l}{}% 2
\BOOKMARK [1][-]{section.3}{\376\377\000D\000e\000s\000c\000r\000i\000p\000c\000i\000\363\000n\000\040\000t\000\351\000c\000n\000i\000c\000a\000\040\000d\000e\000\040\000l\000a\000\040\000s\000o\000l\000u\000c\000i\000\363\000n\000\040\000f\000i\000n\000a\000l}{}% 3
\BOOKMARK [2][-]{subsection.3.1}{\376\377\000A\000r\000q\000u\000i\000t\000e\000c\000t\000u\000r\000a\000\040\000g\000e\000n\000e\000r\000a\000l\000\040\000d\000e\000l\000\040\000s\000i\000s\000t\000e\000m\000a}{section.3}% 4
\BOOKMARK [2][-]{subsection.3.2}{\376\377\000S\000u\000b\000s\000i\000s\000t\000e\000m\000a\000s\000\040\000s\000o\000f\000t\000w\000a\000r\000e\000\040\000d\000e\000s\000a\000r\000r\000o\000l\000l\000a\000d\000o\000s}{section.3}% 5
\BOOKMARK [2][-]{subsection.3.3}{\376\377\000C\000a\000r\000a\000c\000t\000e\000r\000\355\000s\000t\000i\000c\000a\000s\000\040\000p\000r\000i\000n\000c\000i\000p\000a\000l\000e\000s\000\040\000y\000\040\000d\000e\000c\000i\000s\000i\000o\000n\000e\000s\000\040\000d\000e\000\040\000d\000i\000s\000e\000\361\000o\000\040\000p\000o\000r\000\040\000s\000u\000b\000s\000i\000s\000t\000e\000m\000a}{section.3}% 6
\BOOKMARK [3][-]{subsubsection.3.3.1}{\376\377\000P\000C\000\040\000c\000e\000n\000t\000r\000a\000l\000\040\000\050\000S\000i\000m\000u\000l\000i\000n\000k\000\040\000+\000\040\000c\000o\000n\000t\000r\000o\000l\000\040\000d\000e\000\040\000p\000a\000r\000t\000i\000d\000a\000\051}{subsection.3.3}% 7
\BOOKMARK [3][-]{subsubsection.3.3.2}{\376\377\000S\000u\000b\000s\000i\000s\000t\000e\000m\000a\000\040\000r\000o\000b\000o\000t\000\040\000\050\000c\000o\000n\000t\000r\000o\000l\000\040\000d\000e\000\040\000m\000o\000v\000i\000m\000i\000e\000n\000t\000o\000\051}{subsection.3.3}% 8
\BOOKMARK [3][-]{subsubsection.3.3.3}{\376\377\000S\000i\000s\000t\000e\000m\000a\000\040\000d\000e\000\040\000v\000i\000s\000i\000\363\000n}{subsection.3.3}% 9
\BOOKMARK [3][-]{subsubsection.3.3.4}{\376\377\000C\000o\000m\000u\000n\000i\000c\000a\000c\000i\000\363\000n\000\040\000T\000C\000P\000/\000I\000P}{subsection.3.3}% 10
\BOOKMARK [3][-]{subsubsection.3.3.5}{\376\377\000M\000e\000n\000s\000a\000j\000e\000r\000\355\000a\000\040\000d\000e\000\040\000a\000u\000d\000i\000o}{subsection.3.3}% 11
\BOOKMARK [3][-]{subsubsection.3.3.6}{\376\377\000I\000A\000\040\000y\000\040\000d\000e\000c\000i\000s\000i\000\363\000n\000\040\000a\000u\000t\000o\000m\000\341\000t\000i\000c\000a}{subsection.3.3}% 12
\BOOKMARK [1][-]{section.4}{\376\377\000V\000a\000l\000i\000d\000a\000c\000i\000\363\000n\000\040\000d\000e\000\040\000r\000e\000q\000u\000i\000s\000i\000t\000o\000s}{}% 13
\BOOKMARK [2][-]{subsection.4.1}{\376\377\000R\000e\000q\000u\000i\000s\000i\000t\000o\000s\000\040\000v\000e\000r\000i\000f\000i\000c\000a\000d\000o\000s\000\040\000p\000r\000e\000v\000i\000a\000m\000e\000n\000t\000e}{section.4}% 14
\BOOKMARK [2][-]{subsection.4.2}{\376\377\000V\000e\000r\000i\000f\000i\000c\000a\000c\000i\000\363\000n\000\040\000d\000e\000\040\000r\000e\000q\000u\000i\000s\000i\000t\000o\000s\000\040\000d\000e\000l\000\040\000s\000u\000b\000s\000i\000s\000t\000e\000m\000a}{section.4}% 15
\BOOKMARK [3][-]{subsubsection.4.2.1}{\376\377\000S\000i\000s\000t\000e\000m\000a\000\040\000d\000e\000\040\000j\000u\000e\000g\000o\000\040\0003\000\040\000e\000n\000\040\000r\000a\000y\000a}{subsection.4.2}% 16
\BOOKMARK [3][-]{subsubsection.4.2.2}{\376\377\000M\000o\000v\000i\000m\000i\000e\000n\000t\000o\000\040\000p\000o\000r\000\040\000t\000u\000r\000n\000o}{subsection.4.2}% 17
\BOOKMARK [3][-]{subsubsection.4.2.3}{\376\377\000P\000i\000e\000z\000a\000s\000\040\000a\000p\000i\000l\000a\000d\000a\000s\000\040\000-\000\040\000v\000a\000l\000i\000d\000a\000c\000i\000\363\000n\000\040\000e\000n\000\040\000t\000a\000b\000l\000e\000r\000o}{subsection.4.2}% 18
\BOOKMARK [3][-]{subsubsection.4.2.4}{\376\377\000M\000o\000d\000o\000s\000\040\000d\000e\000\040\000j\000u\000e\000g\000o}{subsection.4.2}% 19
\BOOKMARK [3][-]{subsubsection.4.2.5}{\376\377\000M\000o\000d\000o\000\040\000m\000a\000n\000u\000a\000l}{subsection.4.2}% 20
\BOOKMARK [3][-]{subsubsection.4.2.6}{\376\377\000M\000o\000d\000o\000\040\000a\000u\000t\000o\000m\000\341\000t\000i\000c\000o}{subsection.4.2}% 21
\BOOKMARK [3][-]{subsubsection.4.2.7}{\376\377\000M\000o\000d\000o\000\040\000c\000o\000m\000p\000e\000t\000i\000c\000i\000\363\000n}{subsection.4.2}% 22
\BOOKMARK [3][-]{subsubsection.4.2.8}{\376\377\000P\000o\000s\000i\000c\000i\000\363\000n\000\040\000d\000e\000\040\000i\000n\000i\000c\000i\000o}{subsection.4.2}% 23
\BOOKMARK [3][-]{subsubsection.4.2.9}{\376\377\000S\000e\000l\000e\000c\000c\000i\000\363\000n\000\040\000j\000u\000g\000a\000d\000o\000r\000\040\000i\000n\000i\000c\000i\000a\000l}{subsection.4.2}% 24
\BOOKMARK [3][-]{subsubsection.4.2.10}{\376\377\000C\000a\000m\000b\000i\000o\000\040\000d\000e\000\040\000m\000o\000d\000o\000\040\000r\000e\000s\000t\000r\000i\000n\000g\000i\000d\000o}{subsection.4.2}% 25
\BOOKMARK [3][-]{subsubsection.4.2.11}{\376\377\000D\000e\000s\000a\000c\000o\000p\000l\000o\000\040\000c\000i\000n\000e\000m\000\341\000t\000i\000c\000o\000\040\000Z\000\040\000v\000s\000\040\000X\000-\000Y}{subsection.4.2}% 26
\BOOKMARK [3][-]{subsubsection.4.2.12}{\376\377\000R\000e\000c\000o\000g\000i\000d\000a\000\040\000d\000e\000\040\000p\000i\000e\000z\000a\000s}{subsection.4.2}% 27
\BOOKMARK [3][-]{subsubsection.4.2.13}{\376\377\000A\000s\000c\000e\000n\000s\000o\000\040\000t\000r\000a\000s\000\040\000r\000e\000c\000o\000g\000i\000d\000a}{subsection.4.2}% 28
\BOOKMARK [3][-]{subsubsection.4.2.14}{\376\377\000M\000o\000v\000i\000m\000i\000e\000n\000t\000o\000s\000\040\000X\000-\000Y\000\040\000e\000n\000\040\000p\000l\000a\000n\000o\000\040\000d\000e\000\040\000a\000p\000r\000o\000x\000i\000m\000a\000c\000i\000\363\000n}{subsection.4.2}% 29
\BOOKMARK [3][-]{subsubsection.4.2.15}{\376\377\000M\000e\000n\000s\000a\000j\000e\000s\000\040\000d\000e\000\040\000a\000u\000d\000i\000o}{subsection.4.2}% 30
\BOOKMARK [3][-]{subsubsection.4.2.16}{\376\377\000A\000c\000t\000u\000a\000l\000i\000z\000a\000c\000i\000\363\000n\000\040\000p\000o\000r\000\040\000v\000i\000s\000i\000\363\000n}{subsection.4.2}% 31
\BOOKMARK [3][-]{subsubsection.4.2.17}{\376\377\000I\000n\000t\000e\000r\000f\000a\000z\000\040\000d\000e\000\040\000u\000s\000u\000a\000r\000i\000o\000\040\000P\000C\000\040\000c\000e\000n\000t\000r\000a\000l}{subsection.4.2}% 32
\BOOKMARK [3][-]{subsubsection.4.2.18}{\376\377\000E\000s\000t\000a\000d\000o\000\040\000d\000e\000l\000\040\000r\000o\000b\000o\000t\000\040\000c\000o\000n\000o\000c\000i\000d\000o}{subsection.4.2}% 33
\BOOKMARK [3][-]{subsubsection.4.2.19}{\376\377\000F\000o\000r\000m\000a\000t\000o\000\040\000d\000e\000\040\000m\000e\000n\000s\000a\000j\000e\000s\000\040\000P\000C\000\040\000\040\000r\000o\000b\000o\000t}{subsection.4.2}% 34
\BOOKMARK [3][-]{subsubsection.4.2.20}{\376\377\000F\000o\000r\000m\000a\000t\000o\000\040\000d\000e\000\040\000m\000e\000n\000s\000a\000j\000e\000s\000\040\000r\000o\000b\000o\000t\000\040\000\040\000P\000C}{subsection.4.2}% 35
\BOOKMARK [3][-]{subsubsection.4.2.21}{\376\377\000T\000i\000e\000m\000p\000o\000\040\000m\000\341\000x\000i\000m\000o\000\040\000d\000e\000\040\000r\000e\000c\000o\000g\000i\000d\000a}{subsection.4.2}% 36
\BOOKMARK [3][-]{subsubsection.4.2.22}{\376\377\000T\000i\000e\000m\000p\000o\000\040\000m\000\341\000x\000i\000m\000o\000\040\000d\000e\000\040\000t\000r\000a\000n\000s\000p\000o\000r\000t\000e}{subsection.4.2}% 37
\BOOKMARK [3][-]{subsubsection.4.2.23}{\376\377\000T\000i\000e\000m\000p\000o\000\040\000m\000\341\000x\000i\000m\000o\000\040\000d\000e\000\040\000d\000e\000c\000i\000s\000i\000\363\000n\000\040\000a\000u\000t\000o\000m\000\341\000t\000i\000c\000a}{subsection.4.2}% 38
\BOOKMARK [3][-]{subsubsection.4.2.24}{\376\377\000F\000i\000n\000\040\000d\000e\000\040\000t\000u\000r\000n\000o\000\040\000r\000i\000v\000a\000l\000\040\000p\000o\000r\000\040\000b\000o\000t\000\363\000n\000\040\000f\000\355\000s\000i\000c\000o}{subsection.4.2}% 39
\BOOKMARK [1][-]{section.5}{\376\377\000G\000u\000\355\000a\000\040\000r\000\341\000p\000i\000d\000a\000\040\000p\000a\000r\000a\000\040\000l\000a\000\040\000p\000u\000e\000s\000t\000a\000\040\000e\000n\000\040\000m\000a\000r\000c\000h\000a}{}% 40
\BOOKMARK [2][-]{subsection.5.1}{\376\377\000P\000r\000e\000r\000r\000e\000q\000u\000i\000s\000i\000t\000o\000s}{section.5}% 41
\BOOKMARK [2][-]{subsection.5.2}{\376\377\000S\000e\000c\000u\000e\000n\000c\000i\000a\000\040\000d\000e\000\040\000a\000r\000r\000a\000n\000q\000u\000e\000\040\000r\000e\000c\000o\000m\000e\000n\000d\000a\000d\000a}{section.5}% 42
\BOOKMARK [1][-]{section.6}{\376\377\000C\000o\000n\000c\000l\000u\000s\000i\000o\000n\000e\000s}{}% 43
\BOOKMARK [1][-]{section.A}{\376\377\000A\000n\000e\000x\000o\000\040\000A\000:\000\040\000C\000o\000n\000t\000e\000n\000i\000d\000o\000\040\000d\000e\000l\000\040\000r\000e\000p\000o\000s\000i\000t\000o\000r\000i\000o}{}% 44
\BOOKMARK [2][-]{subsection.A.1}{\376\377\000E\000s\000t\000r\000u\000c\000t\000u\000r\000a\000\040\000g\000e\000n\000e\000r\000a\000l}{section.A}% 45
\BOOKMARK [2][-]{subsection.A.2}{\376\377\000D\000e\000s\000c\000r\000i\000p\000c\000i\000\363\000n\000\040\000p\000o\000r\000\040\000c\000a\000r\000p\000e\000t\000a\000s}{section.A}% 46
\BOOKMARK [2][-]{subsection.A.3}{\376\377\000A\000r\000c\000h\000i\000v\000o\000s\000\040\000c\000l\000a\000v\000e\000\040\000p\000a\000r\000a\000\040\000o\000p\000e\000r\000a\000c\000i\000\363\000n\000\040\000d\000e\000l\000\040\000s\000i\000s\000t\000e\000m\000a}{section.A}% 47
\BOOKMARK [2][-]{subsection.A.4}{\376\377\000N\000o\000t\000a\000\040\000d\000e\000\040\000v\000e\000r\000s\000i\000o\000n\000a\000d\000o}{section.A}% 48
\BOOKMARK [2][-]{subsection.A.5}{\376\377\000A\000c\000c\000e\000s\000o\000\040\000a\000l\000\040\000r\000e\000p\000o\000s\000i\000t\000o\000r\000i\000o}{section.A}% 49
